<?xml version="1.0" encoding="UTF-8"?>
<!-- Generated by org.testng.reporters.JUnitReportReporter -->
<testsuite hostname="Mahmoud" failures="0" tests="1" name="TestLMDownloadTemplate_20499$_Point3" time="0.608" errors="0" timestamp="2023-03-13T21:47:32 EET" skipped="0">
  <testcase classname="TestLMDownloadTemplate_20499$_Point3" name="TemplateDownload" time="0.608"/>
  <system-out/>
</testsuite> <!-- TestLMDownloadTemplate_20499$_Point3 -->
