<?xml version="1.0" encoding="UTF-8"?>
<!-- Generated by org.testng.reporters.JUnitReportReporter -->
<testsuite hostname="Mahmoud" failures="0" tests="1" name="TestLMDownloadTemplate_20499$_Point2" time="2.913" errors="0" timestamp="2023-03-13T21:47:32 EET" skipped="0">
  <testcase classname="TestLMDownloadTemplate_20499$_Point2" name="LookupScreenAsGridWithColumns" time="2.913"/>
  <system-out/>
</testsuite> <!-- TestLMDownloadTemplate_20499$_Point2 -->
