<?xml version="1.0" encoding="UTF-8"?>
<!-- Generated by org.testng.reporters.JUnitReportReporter -->
<testsuite hostname="Mahmoud" failures="0" tests="1" name="TestLMDownloadTemplate_20499$Login" time="1.400" errors="0" timestamp="2023-03-12T17:00:49 EET" skipped="0">
  <testcase classname="TestLMDownloadTemplate_20499$Login" name="No_1_" time="1.400"/>
  <system-out/>
</testsuite> <!-- TestLMDownloadTemplate_20499$Login -->
