<?xml version="1.0" encoding="UTF-8"?>
<!-- Generated by org.testng.reporters.JUnitReportReporter -->
<testsuite hostname="Mahmoud" failures="0" tests="3" name="TestLMDownloadTemplate_20499" time="6.670" errors="0" timestamp="2023-03-12T19:41:20 EET" skipped="0">
  <testcase classname="TestLMDownloadTemplate_20499" name="LookupManagementScreenDisplay" time="5.083"/>
  <system-out/>
  <testcase classname="TestLMDownloadTemplate_20499" name="LookupScreenAsGridWithColumns" time="1.221"/>
  <system-out/>
  <testcase classname="TestLMDownloadTemplate_20499" name="TemplateDownload" time="0.366"/>
  <system-out/>
</testsuite> <!-- TestLMDownloadTemplate_20499 -->
